
  .   ____          _            __ _ _
 /\\ / ___'_ __ _ _(_)_ __  __ _ \ \ \ \
( ( )\___ | '_ | '_| | '_ \/ _` | \ \ \ \
 \\/  ___)| |_)| | | | | || (_| |  ) ) ) )
  '  |____| .__|_| |_|_| |_\__, | / / / /
 =========|_|==============|___/=/_/_/_/

 :: Spring Boot ::                (v4.0.3)

2026-03-18T23:51:17.265+05:30  INFO 37297 --- [UEMSpringBootMVC] [           main] c.c.t.UemSpringBootMvcApplication        : Starting UemSpringBootMvcApplication v0.0.1-SNAPSHOT using Java 25.0.1 with PID 37297 (/Users/anishkadas/Desktop/Capgemini Training/UEMSpringBootMVC/target/UEMSpringBootMVC-0.0.1-SNAPSHOT.jar started by anishkadas in /Users/anishkadas/Desktop/Capgemini Training/UEMSpringBootMVC)
2026-03-18T23:51:17.267+05:30  INFO 37297 --- [UEMSpringBootMVC] [           main] c.c.t.UemSpringBootMvcApplication        : No active profile set, falling back to 1 default profile: "default"
2026-03-18T23:51:17.488+05:30  INFO 37297 --- [UEMSpringBootMVC] [           main] .s.d.r.c.RepositoryConfigurationDelegate : Bootstrapping Spring Data JPA repositories in DEFAULT mode.
2026-03-18T23:51:17.507+05:30  INFO 37297 --- [UEMSpringBootMVC] [           main] .s.d.r.c.RepositoryConfigurationDelegate : Finished Spring Data repository scanning in 15 ms. Found 2 JPA repository interfaces.
2026-03-18T23:51:17.661+05:30  INFO 37297 --- [UEMSpringBootMVC] [           main] o.s.boot.tomcat.TomcatWebServer          : Tomcat initialized with port 9090 (http)
2026-03-18T23:51:17.667+05:30  INFO 37297 --- [UEMSpringBootMVC] [           main] o.apache.catalina.core.StandardService   : Starting service [Tomcat]
2026-03-18T23:51:17.667+05:30  INFO 37297 --- [UEMSpringBootMVC] [           main] o.apache.catalina.core.StandardEngine    : Starting Servlet engine: [Apache Tomcat/11.0.18]
2026-03-18T23:51:17.722+05:30  WARN 37297 --- [UEMSpringBootMVC] [           main] o.a.tomcat.util.scan.StandardJarScanner  : Failed to scan [jar:nested:/Users/anishkadas/Desktop/Capgemini%20Training/UEMSpringBootMVC/target/UEMSpringBootMVC-0.0.1-SNAPSHOT.jar/!BOOT-INF/lib/spring-webmvc-7.0.5.jar!/] from classloader hierarchy

java.nio.file.NoSuchFileException: /Users/anishkadas/Desktop/Capgemini%20Training/UEMSpringBootMVC/target/UEMSpringBootMVC-0.0.1-SNAPSHOT.jar
	at java.base/sun.nio.fs.UnixException.translateToIOException(UnixException.java:92) ~[na:na]
	at java.base/sun.nio.fs.UnixException.rethrowAsIOException(UnixException.java:106) ~[na:na]
	at java.base/sun.nio.fs.UnixException.rethrowAsIOException(UnixException.java:111) ~[na:na]
	at java.base/sun.nio.fs.UnixFileAttributeViews$Basic.readAttributes(UnixFileAttributeViews.java:57) ~[na:na]
	at java.base/sun.nio.fs.UnixFileSystemProvider.readAttributes(UnixFileSystemProvider.java:161) ~[na:na]
	at java.base/java.nio.file.Files.readAttributes(Files.java:1702) ~[na:na]
	at java.base/java.util.zip.ZipFile$Source.get(ZipFile.java:1493) ~[na:na]
	at java.base/java.util.zip.ZipFile$CleanableResource.<init>(ZipFile.java:704) ~[na:na]
	at java.base/java.util.zip.ZipFile.<init>(ZipFile.java:204) ~[na:na]
	at java.base/java.util.zip.ZipFile.<init>(ZipFile.java:150) ~[na:na]
	at java.base/java.util.jar.JarFile.<init>(JarFile.java:333) ~[na:na]
	at java.base/java.util.jar.JarFile.<init>(JarFile.java:306) ~[na:na]
	at java.base/java.util.jar.JarFile.<init>(JarFile.java:276) ~[na:na]
	at org.springframework.boot.loader.jar.NestedJarFile.<init>(NestedJarFile.java:141) ~[UEMSpringBootMVC-0.0.1-SNAPSHOT.jar:0.0.1-SNAPSHOT]
	at org.springframework.boot.loader.jar.NestedJarFile.<init>(NestedJarFile.java:124) ~[UEMSpringBootMVC-0.0.1-SNAPSHOT.jar:0.0.1-SNAPSHOT]
	at org.springframework.boot.loader.net.protocol.jar.UrlNestedJarFile.<init>(UrlNestedJarFile.java:42) ~[UEMSpringBootMVC-0.0.1-SNAPSHOT.jar:0.0.1-SNAPSHOT]
	at org.springframework.boot.loader.net.protocol.jar.UrlJarFileFactory.createJarFileForNested(UrlJarFileFactory.java:86) ~[UEMSpringBootMVC-0.0.1-SNAPSHOT.jar:0.0.1-SNAPSHOT]
	at org.springframework.boot.loader.net.protocol.jar.UrlJarFileFactory.createJarFile(UrlJarFileFactory.java:55) ~[UEMSpringBootMVC-0.0.1-SNAPSHOT.jar:0.0.1-SNAPSHOT]
	at org.springframework.boot.loader.net.protocol.jar.UrlJarFiles.getOrCreate(UrlJarFiles.java:72) ~[UEMSpringBootMVC-0.0.1-SNAPSHOT.jar:0.0.1-SNAPSHOT]
	at org.springframework.boot.loader.net.protocol.jar.JarUrlConnection.connect(JarUrlConnection.java:289) ~[UEMSpringBootMVC-0.0.1-SNAPSHOT.jar:0.0.1-SNAPSHOT]
	at org.apache.catalina.webresources.war.WarURLConnection.connect(WarURLConnection.java:43) ~[tomcat-embed-core-11.0.18.jar!/:na]
	at org.apache.catalina.webresources.war.WarURLConnection.getInputStream(WarURLConnection.java:51) ~[tomcat-embed-core-11.0.18.jar!/:na]
	at java.base/java.net.URL.openStream(URL.java:1263) ~[na:na]
	at org.springframework.boot.loader.net.protocol.jar.UrlJarFileFactory.createJarFileForStream(UrlJarFileFactory.java:90) ~[UEMSpringBootMVC-0.0.1-SNAPSHOT.jar:0.0.1-SNAPSHOT]
	at org.springframework.boot.loader.net.protocol.jar.UrlJarFileFactory.createJarFile(UrlJarFileFactory.java:57) ~[UEMSpringBootMVC-0.0.1-SNAPSHOT.jar:0.0.1-SNAPSHOT]
	at org.springframework.boot.loader.net.protocol.jar.UrlJarFiles.getOrCreate(UrlJarFiles.java:72) ~[UEMSpringBootMVC-0.0.1-SNAPSHOT.jar:0.0.1-SNAPSHOT]
	at org.springframework.boot.loader.net.protocol.jar.JarUrlConnection.connect(JarUrlConnection.java:289) ~[UEMSpringBootMVC-0.0.1-SNAPSHOT.jar:0.0.1-SNAPSHOT]
	at org.springframework.boot.loader.net.protocol.jar.JarUrlConnection.getInputStream(JarUrlConnection.java:195) ~[UEMSpringBootMVC-0.0.1-SNAPSHOT.jar:0.0.1-SNAPSHOT]
	at java.base/java.net.URL.openStream(URL.java:1263) ~[na:na]
	at org.apache.tomcat.util.descriptor.tld.TldResourcePath.openStream(TldResourcePath.java:124) ~[tomcat-embed-jasper-11.0.18.jar!/:na]
	at org.apache.tomcat.util.descriptor.tld.TldParser.parse(TldParser.java:49) ~[tomcat-embed-jasper-11.0.18.jar!/:na]
	at org.apache.jasper.servlet.TldScanner.parseTld(TldScanner.java:260) ~[tomcat-embed-jasper-11.0.18.jar!/:na]
	at org.apache.jasper.servlet.TldScanner$TldScannerCallback.scan(TldScanner.java:297) ~[tomcat-embed-jasper-11.0.18.jar!/:na]
	at org.apache.tomcat.util.scan.StandardJarScanner.process(StandardJarScanner.java:395) ~[tomcat-embed-core-11.0.18.jar!/:na]
	at org.apache.tomcat.util.scan.StandardJarScanner.processURLs(StandardJarScanner.java:332) ~[tomcat-embed-core-11.0.18.jar!/:na]
	at org.apache.tomcat.util.scan.StandardJarScanner.doScanClassPath(StandardJarScanner.java:278) ~[tomcat-embed-core-11.0.18.jar!/:na]
	at org.apache.tomcat.util.scan.StandardJarScanner.scan(StandardJarScanner.java:242) ~[tomcat-embed-core-11.0.18.jar!/:na]
	at org.apache.jasper.servlet.TldScanner.scanJars(TldScanner.java:248) ~[tomcat-embed-jasper-11.0.18.jar!/:na]
	at org.apache.jasper.servlet.TldScanner.scan(TldScanner.java:98) ~[tomcat-embed-jasper-11.0.18.jar!/:na]
	at org.apache.jasper.servlet.JasperInitializer.onStartup(JasperInitializer.java:79) ~[tomcat-embed-jasper-11.0.18.jar!/:na]
	at org.apache.catalina.core.StandardContext.startInternal(StandardContext.java:4416) ~[tomcat-embed-core-11.0.18.jar!/:na]
	at org.apache.catalina.util.LifecycleBase.start(LifecycleBase.java:164) ~[tomcat-embed-core-11.0.18.jar!/:na]
	at org.apache.catalina.core.ContainerBase$StartChild.call(ContainerBase.java:1162) ~[tomcat-embed-core-11.0.18.jar!/:na]
	at org.apache.catalina.core.ContainerBase$StartChild.call(ContainerBase.java:1158) ~[tomcat-embed-core-11.0.18.jar!/:na]
	at java.base/java.util.concurrent.FutureTask.run(FutureTask.java:328) ~[na:na]
	at org.apache.tomcat.util.threads.InlineExecutorService.execute(InlineExecutorService.java:81) ~[tomcat-embed-core-11.0.18.jar!/:na]
	at java.base/java.util.concurrent.AbstractExecutorService.submit(AbstractExecutorService.java:149) ~[na:na]
	at org.apache.catalina.core.ContainerBase.startInternal(ContainerBase.java:714) ~[tomcat-embed-core-11.0.18.jar!/:na]
	at org.apache.catalina.core.StandardHost.startInternal(StandardHost.java:780) ~[tomcat-embed-core-11.0.18.jar!/:na]
	at org.apache.catalina.util.LifecycleBase.start(LifecycleBase.java:164) ~[tomcat-embed-core-11.0.18.jar!/:na]
	at org.apache.catalina.core.ContainerBase$StartChild.call(ContainerBase.java:1162) ~[tomcat-embed-core-11.0.18.jar!/:na]
	at org.apache.catalina.core.ContainerBase$StartChild.call(ContainerBase.java:1158) ~[tomcat-embed-core-11.0.18.jar!/:na]
	at java.base/java.util.concurrent.FutureTask.run(FutureTask.java:328) ~[na:na]
	at org.apache.tomcat.util.threads.InlineExecutorService.execute(InlineExecutorService.java:81) ~[tomcat-embed-core-11.0.18.jar!/:na]
	at java.base/java.util.concurrent.AbstractExecutorService.submit(AbstractExecutorService.java:149) ~[na:na]
	at org.apache.catalina.core.ContainerBase.startInternal(ContainerBase.java:714) ~[tomcat-embed-core-11.0.18.jar!/:na]
	at org.apache.catalina.core.StandardEngine.startInternal(StandardEngine.java:201) ~[tomcat-embed-core-11.0.18.jar!/:na]
	at org.apache.catalina.util.LifecycleBase.start(LifecycleBase.java:164) ~[tomcat-embed-core-11.0.18.jar!/:na]
	at org.apache.catalina.core.StandardService.startInternal(StandardService.java:410) ~[tomcat-embed-core-11.0.18.jar!/:na]
	at org.apache.catalina.util.LifecycleBase.start(LifecycleBase.java:164) ~[tomcat-embed-core-11.0.18.jar!/:na]
	at org.apache.catalina.core.StandardServer.startInternal(StandardServer.java:864) ~[tomcat-embed-core-11.0.18.jar!/:na]
	at org.apache.catalina.util.LifecycleBase.start(LifecycleBase.java:164) ~[tomcat-embed-core-11.0.18.jar!/:na]
	at org.apache.catalina.startup.Tomcat.start(Tomcat.java:435) ~[tomcat-embed-core-11.0.18.jar!/:na]
	at org.springframework.boot.tomcat.TomcatWebServer.initialize(TomcatWebServer.java:131) ~[spring-boot-tomcat-4.0.3.jar!/:4.0.3]
	at org.springframework.boot.tomcat.TomcatWebServer.<init>(TomcatWebServer.java:110) ~[spring-boot-tomcat-4.0.3.jar!/:4.0.3]
	at org.springframework.boot.tomcat.servlet.TomcatServletWebServerFactory.getTomcatWebServer(TomcatServletWebServerFactory.java:408) ~[spring-boot-tomcat-4.0.3.jar!/:4.0.3]
	at org.springframework.boot.tomcat.servlet.TomcatServletWebServerFactory.getWebServer(TomcatServletWebServerFactory.java:166) ~[spring-boot-tomcat-4.0.3.jar!/:4.0.3]
	at org.springframework.boot.web.server.servlet.context.ServletWebServerApplicationContext.createWebServer(ServletWebServerApplicationContext.java:190) ~[spring-boot-web-server-4.0.3.jar!/:4.0.3]
	at org.springframework.boot.web.server.servlet.context.ServletWebServerApplicationContext.onRefresh(ServletWebServerApplicationContext.java:164) ~[spring-boot-web-server-4.0.3.jar!/:4.0.3]
	at org.springframework.context.support.AbstractApplicationContext.refresh(AbstractApplicationContext.java:615) ~[spring-context-7.0.5.jar!/:7.0.5]
	at org.springframework.boot.web.server.servlet.context.ServletWebServerApplicationContext.refresh(ServletWebServerApplicationContext.java:143) ~[spring-boot-web-server-4.0.3.jar!/:4.0.3]
	at org.springframework.boot.SpringApplication.refresh(SpringApplication.java:756) ~[spring-boot-4.0.3.jar!/:4.0.3]
	at org.springframework.boot.SpringApplication.refreshContext(SpringApplication.java:445) ~[spring-boot-4.0.3.jar!/:4.0.3]
	at org.springframework.boot.SpringApplication.run(SpringApplication.java:321) ~[spring-boot-4.0.3.jar!/:4.0.3]
	at org.springframework.boot.SpringApplication.run(SpringApplication.java:1365) ~[spring-boot-4.0.3.jar!/:4.0.3]
	at org.springframework.boot.SpringApplication.run(SpringApplication.java:1354) ~[spring-boot-4.0.3.jar!/:4.0.3]
	at com.capgemini.training.UemSpringBootMvcApplication.main(UemSpringBootMvcApplication.java:10) ~[!/:0.0.1-SNAPSHOT]
	at java.base/jdk.internal.reflect.DirectMethodHandleAccessor.invoke(DirectMethodHandleAccessor.java:104) ~[na:na]
	at java.base/java.lang.reflect.Method.invoke(Method.java:565) ~[na:na]
	at org.springframework.boot.loader.launch.Launcher.launch(Launcher.java:106) ~[UEMSpringBootMVC-0.0.1-SNAPSHOT.jar:0.0.1-SNAPSHOT]
	at org.springframework.boot.loader.launch.Launcher.launch(Launcher.java:64) ~[UEMSpringBootMVC-0.0.1-SNAPSHOT.jar:0.0.1-SNAPSHOT]
	at org.springframework.boot.loader.launch.JarLauncher.main(JarLauncher.java:40) ~[UEMSpringBootMVC-0.0.1-SNAPSHOT.jar:0.0.1-SNAPSHOT]

2026-03-18T23:51:17.734+05:30  WARN 37297 --- [UEMSpringBootMVC] [           main] o.a.tomcat.util.scan.StandardJarScanner  : Failed to scan [jar:nested:/Users/anishkadas/Desktop/Capgemini%20Training/UEMSpringBootMVC/target/UEMSpringBootMVC-0.0.1-SNAPSHOT.jar/!BOOT-INF/lib/jakarta.servlet.jsp.jstl-3.0.1.jar!/] from classloader hierarchy

java.nio.file.NoSuchFileException: /Users/anishkadas/Desktop/Capgemini%20Training/UEMSpringBootMVC/target/UEMSpringBootMVC-0.0.1-SNAPSHOT.jar
	at java.base/sun.nio.fs.UnixException.translateToIOException(UnixException.java:92) ~[na:na]
	at java.base/sun.nio.fs.UnixException.rethrowAsIOException(UnixException.java:106) ~[na:na]
	at java.base/sun.nio.fs.UnixException.rethrowAsIOException(UnixException.java:111) ~[na:na]
	at java.base/sun.nio.fs.UnixFileAttributeViews$Basic.readAttributes(UnixFileAttributeViews.java:57) ~[na:na]
	at java.base/sun.nio.fs.UnixFileSystemProvider.readAttributes(UnixFileSystemProvider.java:161) ~[na:na]
	at java.base/java.nio.file.Files.readAttributes(Files.java:1702) ~[na:na]
	at java.base/java.util.zip.ZipFile$Source.get(ZipFile.java:1493) ~[na:na]
	at java.base/java.util.zip.ZipFile$CleanableResource.<init>(ZipFile.java:704) ~[na:na]
	at java.base/java.util.zip.ZipFile.<init>(ZipFile.java:204) ~[na:na]
	at java.base/java.util.zip.ZipFile.<init>(ZipFile.java:150) ~[na:na]
	at java.base/java.util.jar.JarFile.<init>(JarFile.java:333) ~[na:na]
	at java.base/java.util.jar.JarFile.<init>(JarFile.java:306) ~[na:na]
	at java.base/java.util.jar.JarFile.<init>(JarFile.java:276) ~[na:na]
	at org.springframework.boot.loader.jar.NestedJarFile.<init>(NestedJarFile.java:141) ~[UEMSpringBootMVC-0.0.1-SNAPSHOT.jar:0.0.1-SNAPSHOT]
	at org.springframework.boot.loader.jar.NestedJarFile.<init>(NestedJarFile.java:124) ~[UEMSpringBootMVC-0.0.1-SNAPSHOT.jar:0.0.1-SNAPSHOT]
	at org.springframework.boot.loader.net.protocol.jar.UrlNestedJarFile.<init>(UrlNestedJarFile.java:42) ~[UEMSpringBootMVC-0.0.1-SNAPSHOT.jar:0.0.1-SNAPSHOT]
	at org.springframework.boot.loader.net.protocol.jar.UrlJarFileFactory.createJarFileForNested(UrlJarFileFactory.java:86) ~[UEMSpringBootMVC-0.0.1-SNAPSHOT.jar:0.0.1-SNAPSHOT]
	at org.springframework.boot.loader.net.protocol.jar.UrlJarFileFactory.createJarFile(UrlJarFileFactory.java:55) ~[UEMSpringBootMVC-0.0.1-SNAPSHOT.jar:0.0.1-SNAPSHOT]
	at org.springframework.boot.loader.net.protocol.jar.UrlJarFiles.getOrCreate(UrlJarFiles.java:72) ~[UEMSpringBootMVC-0.0.1-SNAPSHOT.jar:0.0.1-SNAPSHOT]
	at org.springframework.boot.loader.net.protocol.jar.JarUrlConnection.connect(JarUrlConnection.java:289) ~[UEMSpringBootMVC-0.0.1-SNAPSHOT.jar:0.0.1-SNAPSHOT]
	at org.apache.catalina.webresources.war.WarURLConnection.connect(WarURLConnection.java:43) ~[tomcat-embed-core-11.0.18.jar!/:na]
	at org.apache.catalina.webresources.war.WarURLConnection.getInputStream(WarURLConnection.java:51) ~[tomcat-embed-core-11.0.18.jar!/:na]
	at java.base/java.net.URL.openStream(URL.java:1263) ~[na:na]
	at org.springframework.boot.loader.net.protocol.jar.UrlJarFileFactory.createJarFileForStream(UrlJarFileFactory.java:90) ~[UEMSpringBootMVC-0.0.1-SNAPSHOT.jar:0.0.1-SNAPSHOT]
	at org.springframework.boot.loader.net.protocol.jar.UrlJarFileFactory.createJarFile(UrlJarFileFactory.java:57) ~[UEMSpringBootMVC-0.0.1-SNAPSHOT.jar:0.0.1-SNAPSHOT]
	at org.springframework.boot.loader.net.protocol.jar.UrlJarFiles.getOrCreate(UrlJarFiles.java:72) ~[UEMSpringBootMVC-0.0.1-SNAPSHOT.jar:0.0.1-SNAPSHOT]
	at org.springframework.boot.loader.net.protocol.jar.JarUrlConnection.connect(JarUrlConnection.java:289) ~[UEMSpringBootMVC-0.0.1-SNAPSHOT.jar:0.0.1-SNAPSHOT]
	at org.springframework.boot.loader.net.protocol.jar.JarUrlConnection.getInputStream(JarUrlConnection.java:195) ~[UEMSpringBootMVC-0.0.1-SNAPSHOT.jar:0.0.1-SNAPSHOT]
	at java.base/java.net.URL.openStream(URL.java:1263) ~[na:na]
	at org.apache.tomcat.util.descriptor.tld.TldResourcePath.openStream(TldResourcePath.java:124) ~[tomcat-embed-jasper-11.0.18.jar!/:na]
	at org.apache.tomcat.util.descriptor.tld.TldParser.parse(TldParser.java:49) ~[tomcat-embed-jasper-11.0.18.jar!/:na]
	at org.apache.jasper.servlet.TldScanner.parseTld(TldScanner.java:260) ~[tomcat-embed-jasper-11.0.18.jar!/:na]
	at org.apache.jasper.servlet.TldScanner$TldScannerCallback.scan(TldScanner.java:297) ~[tomcat-embed-jasper-11.0.18.jar!/:na]
	at org.apache.tomcat.util.scan.StandardJarScanner.process(StandardJarScanner.java:395) ~[tomcat-embed-core-11.0.18.jar!/:na]
	at org.apache.tomcat.util.scan.StandardJarScanner.processURLs(StandardJarScanner.java:332) ~[tomcat-embed-core-11.0.18.jar!/:na]
	at org.apache.tomcat.util.scan.StandardJarScanner.doScanClassPath(StandardJarScanner.java:278) ~[tomcat-embed-core-11.0.18.jar!/:na]
	at org.apache.tomcat.util.scan.StandardJarScanner.scan(StandardJarScanner.java:242) ~[tomcat-embed-core-11.0.18.jar!/:na]
	at org.apache.jasper.servlet.TldScanner.scanJars(TldScanner.java:248) ~[tomcat-embed-jasper-11.0.18.jar!/:na]
	at org.apache.jasper.servlet.TldScanner.scan(TldScanner.java:98) ~[tomcat-embed-jasper-11.0.18.jar!/:na]
	at org.apache.jasper.servlet.JasperInitializer.onStartup(JasperInitializer.java:79) ~[tomcat-embed-jasper-11.0.18.jar!/:na]
	at org.apache.catalina.core.StandardContext.startInternal(StandardContext.java:4416) ~[tomcat-embed-core-11.0.18.jar!/:na]
	at org.apache.catalina.util.LifecycleBase.start(LifecycleBase.java:164) ~[tomcat-embed-core-11.0.18.jar!/:na]
	at org.apache.catalina.core.ContainerBase$StartChild.call(ContainerBase.java:1162) ~[tomcat-embed-core-11.0.18.jar!/:na]
	at org.apache.catalina.core.ContainerBase$StartChild.call(ContainerBase.java:1158) ~[tomcat-embed-core-11.0.18.jar!/:na]
	at java.base/java.util.concurrent.FutureTask.run(FutureTask.java:328) ~[na:na]
	at org.apache.tomcat.util.threads.InlineExecutorService.execute(InlineExecutorService.java:81) ~[tomcat-embed-core-11.0.18.jar!/:na]
	at java.base/java.util.concurrent.AbstractExecutorService.submit(AbstractExecutorService.java:149) ~[na:na]
	at org.apache.catalina.core.ContainerBase.startInternal(ContainerBase.java:714) ~[tomcat-embed-core-11.0.18.jar!/:na]
	at org.apache.catalina.core.StandardHost.startInternal(StandardHost.java:780) ~[tomcat-embed-core-11.0.18.jar!/:na]
	at org.apache.catalina.util.LifecycleBase.start(LifecycleBase.java:164) ~[tomcat-embed-core-11.0.18.jar!/:na]
	at org.apache.catalina.core.ContainerBase$StartChild.call(ContainerBase.java:1162) ~[tomcat-embed-core-11.0.18.jar!/:na]
	at org.apache.catalina.core.ContainerBase$StartChild.call(ContainerBase.java:1158) ~[tomcat-embed-core-11.0.18.jar!/:na]
	at java.base/java.util.concurrent.FutureTask.run(FutureTask.java:328) ~[na:na]
	at org.apache.tomcat.util.threads.InlineExecutorService.execute(InlineExecutorService.java:81) ~[tomcat-embed-core-11.0.18.jar!/:na]
	at java.base/java.util.concurrent.AbstractExecutorService.submit(AbstractExecutorService.java:149) ~[na:na]
	at org.apache.catalina.core.ContainerBase.startInternal(ContainerBase.java:714) ~[tomcat-embed-core-11.0.18.jar!/:na]
	at org.apache.catalina.core.StandardEngine.startInternal(StandardEngine.java:201) ~[tomcat-embed-core-11.0.18.jar!/:na]
	at org.apache.catalina.util.LifecycleBase.start(LifecycleBase.java:164) ~[tomcat-embed-core-11.0.18.jar!/:na]
	at org.apache.catalina.core.StandardService.startInternal(StandardService.java:410) ~[tomcat-embed-core-11.0.18.jar!/:na]
	at org.apache.catalina.util.LifecycleBase.start(LifecycleBase.java:164) ~[tomcat-embed-core-11.0.18.jar!/:na]
	at org.apache.catalina.core.StandardServer.startInternal(StandardServer.java:864) ~[tomcat-embed-core-11.0.18.jar!/:na]
	at org.apache.catalina.util.LifecycleBase.start(LifecycleBase.java:164) ~[tomcat-embed-core-11.0.18.jar!/:na]
	at org.apache.catalina.startup.Tomcat.start(Tomcat.java:435) ~[tomcat-embed-core-11.0.18.jar!/:na]
	at org.springframework.boot.tomcat.TomcatWebServer.initialize(TomcatWebServer.java:131) ~[spring-boot-tomcat-4.0.3.jar!/:4.0.3]
	at org.springframework.boot.tomcat.TomcatWebServer.<init>(TomcatWebServer.java:110) ~[spring-boot-tomcat-4.0.3.jar!/:4.0.3]
	at org.springframework.boot.tomcat.servlet.TomcatServletWebServerFactory.getTomcatWebServer(TomcatServletWebServerFactory.java:408) ~[spring-boot-tomcat-4.0.3.jar!/:4.0.3]
	at org.springframework.boot.tomcat.servlet.TomcatServletWebServerFactory.getWebServer(TomcatServletWebServerFactory.java:166) ~[spring-boot-tomcat-4.0.3.jar!/:4.0.3]
	at org.springframework.boot.web.server.servlet.context.ServletWebServerApplicationContext.createWebServer(ServletWebServerApplicationContext.java:190) ~[spring-boot-web-server-4.0.3.jar!/:4.0.3]
	at org.springframework.boot.web.server.servlet.context.ServletWebServerApplicationContext.onRefresh(ServletWebServerApplicationContext.java:164) ~[spring-boot-web-server-4.0.3.jar!/:4.0.3]
	at org.springframework.context.support.AbstractApplicationContext.refresh(AbstractApplicationContext.java:615) ~[spring-context-7.0.5.jar!/:7.0.5]
	at org.springframework.boot.web.server.servlet.context.ServletWebServerApplicationContext.refresh(ServletWebServerApplicationContext.java:143) ~[spring-boot-web-server-4.0.3.jar!/:4.0.3]
	at org.springframework.boot.SpringApplication.refresh(SpringApplication.java:756) ~[spring-boot-4.0.3.jar!/:4.0.3]
	at org.springframework.boot.SpringApplication.refreshContext(SpringApplication.java:445) ~[spring-boot-4.0.3.jar!/:4.0.3]
	at org.springframework.boot.SpringApplication.run(SpringApplication.java:321) ~[spring-boot-4.0.3.jar!/:4.0.3]
	at org.springframework.boot.SpringApplication.run(SpringApplication.java:1365) ~[spring-boot-4.0.3.jar!/:4.0.3]
	at org.springframework.boot.SpringApplication.run(SpringApplication.java:1354) ~[spring-boot-4.0.3.jar!/:4.0.3]
	at com.capgemini.training.UemSpringBootMvcApplication.main(UemSpringBootMvcApplication.java:10) ~[!/:0.0.1-SNAPSHOT]
	at java.base/jdk.internal.reflect.DirectMethodHandleAccessor.invoke(DirectMethodHandleAccessor.java:104) ~[na:na]
	at java.base/java.lang.reflect.Method.invoke(Method.java:565) ~[na:na]
	at org.springframework.boot.loader.launch.Launcher.launch(Launcher.java:106) ~[UEMSpringBootMVC-0.0.1-SNAPSHOT.jar:0.0.1-SNAPSHOT]
	at org.springframework.boot.loader.launch.Launcher.launch(Launcher.java:64) ~[UEMSpringBootMVC-0.0.1-SNAPSHOT.jar:0.0.1-SNAPSHOT]
	at org.springframework.boot.loader.launch.JarLauncher.main(JarLauncher.java:40) ~[UEMSpringBootMVC-0.0.1-SNAPSHOT.jar:0.0.1-SNAPSHOT]

2026-03-18T23:51:17.951+05:30  INFO 37297 --- [UEMSpringBootMVC] [           main] org.apache.jasper.servlet.TldScanner     : At least one JAR was scanned for TLDs yet contained no TLDs. Enable debug logging for this logger for a complete list of JARs that were scanned but no TLDs were found in them. Skipping unneeded JARs during scanning can improve startup time and JSP compilation time.
2026-03-18T23:51:17.953+05:30  INFO 37297 --- [UEMSpringBootMVC] [           main] b.w.c.s.WebApplicationContextInitializer : Root WebApplicationContext: initialization completed in 664 ms
2026-03-18T23:51:18.016+05:30  INFO 37297 --- [UEMSpringBootMVC] [           main] org.hibernate.orm.jpa                    : HHH008540: Processing PersistenceUnitInfo [name: default]
2026-03-18T23:51:18.036+05:30  INFO 37297 --- [UEMSpringBootMVC] [           main] org.hibernate.orm.core                   : HHH000001: Hibernate ORM core version 7.2.4.Final
2026-03-18T23:51:18.221+05:30  INFO 37297 --- [UEMSpringBootMVC] [           main] o.s.o.j.p.SpringPersistenceUnitInfo      : No LoadTimeWeaver setup: ignoring JPA class transformer
2026-03-18T23:51:18.235+05:30  INFO 37297 --- [UEMSpringBootMVC] [           main] com.zaxxer.hikari.HikariDataSource       : HikariPool-1 - Starting...
2026-03-18T23:51:18.299+05:30  INFO 37297 --- [UEMSpringBootMVC] [           main] com.zaxxer.hikari.pool.HikariPool        : HikariPool-1 - Added connection com.mysql.cj.jdbc.ConnectionImpl@45e639ee
2026-03-18T23:51:18.299+05:30  INFO 37297 --- [UEMSpringBootMVC] [           main] com.zaxxer.hikari.HikariDataSource       : HikariPool-1 - Start completed.
2026-03-18T23:51:18.339+05:30  INFO 37297 --- [UEMSpringBootMVC] [           main] org.hibernate.orm.connections.pooling    : HHH10001005: Database info:
	Database JDBC URL [jdbc:mysql://localhost:3306/user_db?useSSL=false&allowPublicKeyRetrieval=true]
	Database driver: MySQL Connector/J
	Database dialect: MySQLDialect
	Database version: 8.0.23
	Default catalog/schema: user_db/undefined
	Autocommit mode: undefined/unknown
	Isolation level: REPEATABLE_READ [default REPEATABLE_READ]
	JDBC fetch size: none
	Pool: DataSourceConnectionProvider
	Minimum pool size: undefined/unknown
	Maximum pool size: undefined/unknown
2026-03-18T23:51:18.636+05:30  INFO 37297 --- [UEMSpringBootMVC] [           main] org.hibernate.orm.core                   : HHH000489: No JTA platform available (set 'hibernate.transaction.jta.platform' to enable JTA platform integration)
2026-03-18T23:51:18.661+05:30  INFO 37297 --- [UEMSpringBootMVC] [           main] j.LocalContainerEntityManagerFactoryBean : Initialized JPA EntityManagerFactory for persistence unit 'default'
2026-03-18T23:51:18.691+05:30  INFO 37297 --- [UEMSpringBootMVC] [           main] o.s.d.j.r.query.QueryEnhancerFactories   : Hibernate is in classpath; If applicable, HQL parser will be used.
2026-03-18T23:51:18.773+05:30  WARN 37297 --- [UEMSpringBootMVC] [           main] JpaBaseConfiguration$JpaWebConfiguration : spring.jpa.open-in-view is enabled by default. Therefore, database queries may be performed during view rendering. Explicitly configure spring.jpa.open-in-view to disable this warning
2026-03-18T23:51:18.879+05:30  INFO 37297 --- [UEMSpringBootMVC] [           main] o.s.boot.tomcat.TomcatWebServer          : Tomcat started on port 9090 (http) with context path '/'
2026-03-18T23:51:18.886+05:30  INFO 37297 --- [UEMSpringBootMVC] [           main] c.c.t.UemSpringBootMvcApplication        : Started UemSpringBootMvcApplication in 1.755 seconds (process running for 1.94)
2026-03-18T23:51:55.333+05:30  INFO 37297 --- [UEMSpringBootMVC] [nio-9090-exec-1] o.a.c.c.C.[Tomcat].[localhost].[/]       : Initializing Spring DispatcherServlet 'dispatcherServlet'
2026-03-18T23:51:55.333+05:30  INFO 37297 --- [UEMSpringBootMVC] [nio-9090-exec-1] o.s.web.servlet.DispatcherServlet        : Initializing Servlet 'dispatcherServlet'
2026-03-18T23:51:55.334+05:30  INFO 37297 --- [UEMSpringBootMVC] [nio-9090-exec-1] o.s.web.servlet.DispatcherServlet        : Completed initialization in 1 ms
2026-03-19T00:23:50.597+05:30  WARN 37297 --- [UEMSpringBootMVC] [l-1:housekeeper] com.zaxxer.hikari.pool.HikariPool        : HikariPool-1 - Thread starvation or clock leap detected (housekeeper delta=3m31s875ms).
2026-03-19T00:25:14.920+05:30  WARN 37297 --- [UEMSpringBootMVC] [l-1:housekeeper] com.zaxxer.hikari.pool.HikariPool        : HikariPool-1 - Thread starvation or clock leap detected (housekeeper delta=46s213ms).
2026-03-19T01:11:15.041+05:30  WARN 37297 --- [UEMSpringBootMVC] [l-1:housekeeper] com.zaxxer.hikari.pool.HikariPool        : HikariPool-1 - Thread starvation or clock leap detected (housekeeper delta=15m36s965ms).
2026-03-19T01:26:45.552+05:30  WARN 37297 --- [UEMSpringBootMVC] [l-1:housekeeper] com.zaxxer.hikari.pool.HikariPool        : HikariPool-1 - Thread starvation or clock leap detected (housekeeper delta=15m30s511ms).
2026-03-19T01:42:15.439+05:30  WARN 37297 --- [UEMSpringBootMVC] [l-1:housekeeper] com.zaxxer.hikari.pool.HikariPool        : HikariPool-1 - Thread starvation or clock leap detected (housekeeper delta=15m29s887ms).
2026-03-19T02:12:45.166+05:30  WARN 37297 --- [UEMSpringBootMVC] [l-1:housekeeper] com.zaxxer.hikari.pool.HikariPool        : HikariPool-1 - Thread starvation or clock leap detected (housekeeper delta=30m29s726ms).
2026-03-19T02:21:16.803+05:30  WARN 37297 --- [UEMSpringBootMVC] [l-1:housekeeper] com.zaxxer.hikari.pool.HikariPool        : HikariPool-1 - Thread starvation or clock leap detected (housekeeper delta=8m31s638ms).
2026-03-19T03:09:42.211+05:30  WARN 37297 --- [UEMSpringBootMVC] [l-1:housekeeper] com.zaxxer.hikari.pool.HikariPool        : HikariPool-1 - Thread starvation or clock leap detected (housekeeper delta=48m25s408ms).
2026-03-19T03:55:14.074+05:30  WARN 37297 --- [UEMSpringBootMVC] [l-1:housekeeper] com.zaxxer.hikari.pool.HikariPool        : HikariPool-1 - Thread starvation or clock leap detected (housekeeper delta=45m31s863ms).
2026-03-19T04:55:46.630+05:30  WARN 37297 --- [UEMSpringBootMVC] [l-1:housekeeper] com.zaxxer.hikari.pool.HikariPool        : HikariPool-1 - Thread starvation or clock leap detected (housekeeper delta=1h32s556ms).
2026-03-19T05:41:17.755+05:30  WARN 37297 --- [UEMSpringBootMVC] [l-1:housekeeper] com.zaxxer.hikari.pool.HikariPool        : HikariPool-1 - Thread starvation or clock leap detected (housekeeper delta=45m31s125ms).
2026-03-19T06:26:03.388+05:30  WARN 37297 --- [UEMSpringBootMVC] [l-1:housekeeper] com.zaxxer.hikari.pool.HikariPool        : HikariPool-1 - Thread starvation or clock leap detected (housekeeper delta=44m45s633ms).
2026-03-19T06:58:45.097+05:30  WARN 37297 --- [UEMSpringBootMVC] [l-1:housekeeper] com.zaxxer.hikari.pool.HikariPool        : HikariPool-1 - Thread starvation or clock leap detected (housekeeper delta=32m41s709ms).
2026-03-19T07:00:13.476+05:30  WARN 37297 --- [UEMSpringBootMVC] [l-1:housekeeper] com.zaxxer.hikari.pool.HikariPool        : HikariPool-1 - Thread starvation or clock leap detected (housekeeper delta=58s368ms).
2026-03-19T07:15:43.438+05:30  WARN 37297 --- [UEMSpringBootMVC] [l-1:housekeeper] com.zaxxer.hikari.pool.HikariPool        : HikariPool-1 - Thread starvation or clock leap detected (housekeeper delta=15m29s962ms).
2026-03-19T07:44:13.557+05:30  WARN 37297 --- [UEMSpringBootMVC] [l-1:housekeeper] com.zaxxer.hikari.pool.HikariPool        : HikariPool-1 - Thread starvation or clock leap detected (housekeeper delta=15m29s910ms).
2026-03-19T07:53:23.925+05:30  WARN 37297 --- [UEMSpringBootMVC] [l-1:housekeeper] com.zaxxer.hikari.pool.HikariPool        : HikariPool-1 - Thread starvation or clock leap detected (housekeeper delta=7m10s327ms).
2026-03-19T08:06:27.431+05:30  WARN 37297 --- [UEMSpringBootMVC] [l-1:housekeeper] com.zaxxer.hikari.pool.HikariPool        : HikariPool-1 - Thread starvation or clock leap detected (housekeeper delta=13m3s506ms).
2026-03-19T08:15:58.524+05:30  WARN 37297 --- [UEMSpringBootMVC] [l-1:housekeeper] com.zaxxer.hikari.pool.HikariPool        : HikariPool-1 - Thread starvation or clock leap detected (housekeeper delta=9m31s93ms).
2026-03-19T08:24:56.617+05:30  WARN 37297 --- [UEMSpringBootMVC] [l-1:housekeeper] com.zaxxer.hikari.pool.HikariPool        : HikariPool-1 - Thread starvation or clock leap detected (housekeeper delta=8m58s93ms).
2026-03-19T08:36:56.504+05:30  WARN 37297 --- [UEMSpringBootMVC] [l-1:housekeeper] com.zaxxer.hikari.pool.HikariPool        : HikariPool-1 - Thread starvation or clock leap detected (housekeeper delta=11m59s887ms).
2026-03-19T09:47:01.554+05:30  WARN 37297 --- [UEMSpringBootMVC] [l-1:housekeeper] com.zaxxer.hikari.pool.HikariPool        : HikariPool-1 - Thread starvation or clock leap detected (housekeeper delta=1h10m5s50ms).
2026-03-19T11:06:03.142+05:30  WARN 37297 --- [UEMSpringBootMVC] [l-1:housekeeper] com.zaxxer.hikari.pool.HikariPool        : HikariPool-1 - Thread starvation or clock leap detected (housekeeper delta=2m1s4ms).
2026-03-19T11:10:45.746+05:30  WARN 37297 --- [UEMSpringBootMVC] [l-1:housekeeper] com.zaxxer.hikari.pool.HikariPool        : HikariPool-1 - Thread starvation or clock leap detected (housekeeper delta=3m12s588ms).
2026-03-19T11:42:25.581+05:30  WARN 37297 --- [UEMSpringBootMVC] [l-1:housekeeper] com.zaxxer.hikari.pool.HikariPool        : HikariPool-1 - Thread starvation or clock leap detected (housekeeper delta=9m39s676ms).
2026-03-19T11:55:18.166+05:30  WARN 37297 --- [UEMSpringBootMVC] [l-1:housekeeper] com.zaxxer.hikari.pool.HikariPool        : HikariPool-1 - Thread starvation or clock leap detected (housekeeper delta=1m52s503ms).
